# JRE version: OpenJDK Runtime Environment Temurin-17.0.3+7 (17.0.3+7) (build 17.0.3+7)
# Java VM: OpenJDK 64-Bit Server VM Temurin-17.0.3+7 (17.0.3+7, mixed mode, sharing, tiered, compressed oops, compressed class ptrs, g1 gc, windows-amd64)
GC Precious Log:
 CPUs: 16 total, 16 available
 Memory: 15712M
 Large Page Support: Disabled
 NUMA Support: Disabled
 Compressed Oops: Enabled (Zero based)
 Heap Region Size: 2M
 Heap Min Capacity: 512M
 Heap Initial Capacity: 512M
 Heap Max Capacity: 4072M
 Pre-touch: Disabled
 Parallel Workers: 13
 Concurrent Workers: 3
 Concurrent Refinement Workers: 13
 Periodic GC: Disabled
 String Deduplication is enabled
Heap:
 garbage-first heap   total 524288K, used 113567K [0x0000000701800000, 0x0000000800000000)
  region size 2048K, 19 young (38912K), 3 survivors (6144K)
 Metaspace       used 75275K, committed 75840K, reserved 1122304K
  class space    used 10608K, committed 10880K, reserved 1048576K
GC Heap History (20 events):
Event: 11.120 GC heap before
{Heap before GC invocations=11 (full 0):
 garbage-first heap   total 524288K, used 139443K [0x0000000701800000, 0x0000000800000000)
  region size 2048K, 40 young (81920K), 5 survivors (10240K)
 Metaspace       used 53682K, committed 54080K, reserved 1097728K
  class space    used 7169K, committed 7360K, reserved 1048576K
}
Event: 11.134 GC heap after
{Heap after GC invocations=12 (full 0):
 garbage-first heap   total 524288K, used 76268K [0x0000000701800000, 0x0000000800000000)
  region size 2048K, 5 young (10240K), 5 survivors (10240K)
 Metaspace       used 53682K, committed 54080K, reserved 1097728K
  class space    used 7169K, committed 7360K, reserved 1048576K
}
Event: 15.983 GC heap before
{Heap before GC invocations=12 (full 0):
 garbage-first heap   total 524288K, used 98796K [0x0000000701800000, 0x0000000800000000)
  region size 2048K, 18 young (36864K), 5 survivors (10240K)
 Metaspace       used 55677K, committed 56128K, reserved 1097728K
  class space    used 7444K, committed 7680K, reserved 1048576K
}
Event: 16.050 GC heap after
{Heap after GC invocations=13 (full 1):
 garbage-first heap   total 524288K, used 70479K [0x0000000701800000, 0x0000000800000000)
  region size 2048K, 0 young (0K), 0 survivors (0K)
 Metaspace       used 55677K, committed 56128K, reserved 1097728K
  class space    used 7444K, committed 7680K, reserved 1048576K
}
Event: 30.041 GC heap before
{Heap before GC invocations=13 (full 1):
 garbage-first heap   total 524288K, used 152399K [0x0000000701800000, 0x0000000800000000)
  region size 2048K, 40 young (81920K), 0 survivors (0K)
 Metaspace       used 69441K, committed 69824K, reserved 1114112K
  class space    used 10046K, committed 10240K, reserved 1048576K
}
Event: 30.048 GC heap after
{Heap after GC invocations=14 (full 1):
 garbage-first heap   total 524288K, used 78551K [0x0000000701800000, 0x0000000800000000)
  region size 2048K, 4 young (8192K), 4 survivors (8192K)
 Metaspace       used 69441K, committed 69824K, reserved 1114112K
  class space    used 10046K, committed 10240K, reserved 1048576K
}
Event: 31.602 GC heap before
{Heap before GC invocations=14 (full 1):
 garbage-first heap   total 524288K, used 152279K [0x0000000701800000, 0x0000000800000000)
  region size 2048K, 40 young (81920K), 4 survivors (8192K)
 Metaspace       used 70504K, committed 70912K, reserved 1114112K
  class space    used 10167K, committed 10368K, reserved 1048576K
}
Event: 31.609 GC heap after
{Heap after GC invocations=15 (full 1):
 garbage-first heap   total 524288K, used 79746K [0x0000000701800000, 0x0000000800000000)
  region size 2048K, 2 young (4096K), 2 survivors (4096K)
 Metaspace       used 70504K, committed 70912K, reserved 1114112K
  class space    used 10167K, committed 10368K, reserved 1048576K
}
Event: 32.023 GC heap before
{Heap before GC invocations=15 (full 1):
 garbage-first heap   total 524288K, used 96130K [0x0000000701800000, 0x0000000800000000)
  region size 2048K, 11 young (22528K), 2 survivors (4096K)
 Metaspace       used 71003K, committed 71424K, reserved 1114112K
  class space    used 10196K, committed 10368K, reserved 1048576K
}
Event: 32.084 GC heap after
{Heap after GC invocations=16 (full 2):
 garbage-first heap   total 524288K, used 74718K [0x0000000701800000, 0x0000000800000000)
  region size 2048K, 0 young (0K), 0 survivors (0K)
 Metaspace       used 71003K, committed 71424K, reserved 1114112K
  class space    used 10196K, committed 10368K, reserved 1048576K
}
Event: 35.012 GC heap before
{Heap before GC invocations=16 (full 2):
 garbage-first heap   total 524288K, used 156638K [0x0000000701800000, 0x0000000800000000)
  region size 2048K, 40 young (81920K), 0 survivors (0K)
 Metaspace       used 72055K, committed 72576K, reserved 1114112K
  class space    used 10232K, committed 10496K, reserved 1048576K
}
Event: 35.015 GC heap after
{Heap after GC invocations=17 (full 2):
 garbage-first heap   total 524288K, used 75460K [0x0000000701800000, 0x0000000800000000)
  region size 2048K, 1 young (2048K), 1 survivors (2048K)
 Metaspace       used 72055K, committed 72576K, reserved 1114112K
  class space    used 10232K, committed 10496K, reserved 1048576K
}
Event: 44.885 GC heap before
{Heap before GC invocations=17 (full 2):
 garbage-first heap   total 524288K, used 155332K [0x0000000701800000, 0x0000000800000000)
  region size 2048K, 40 young (81920K), 1 survivors (2048K)
 Metaspace       used 73988K, committed 74496K, reserved 1114112K
  class space    used 10513K, committed 10752K, reserved 1048576K
}
Event: 44.891 GC heap after
{Heap after GC invocations=18 (full 2):
 garbage-first heap   total 524288K, used 77653K [0x0000000701800000, 0x0000000800000000)
  region size 2048K, 2 young (4096K), 2 survivors (4096K)
 Metaspace       used 73988K, committed 74496K, reserved 1114112K
  class space    used 10513K, committed 10752K, reserved 1048576K
}
Event: 48.013 GC heap before
{Heap before GC invocations=18 (full 2):
 garbage-first heap   total 524288K, used 155477K [0x0000000701800000, 0x0000000800000000)
  region size 2048K, 40 young (81920K), 2 survivors (4096K)
 Metaspace       used 74817K, committed 75392K, reserved 1114112K
  class space    used 10605K, committed 10880K, reserved 1048576K
}
Event: 48.019 GC heap after
{Heap after GC invocations=19 (full 2):
 garbage-first heap   total 524288K, used 79323K [0x0000000701800000, 0x0000000800000000)
  region size 2048K, 3 young (6144K), 3 survivors (6144K)
 Metaspace       used 74817K, committed 75392K, reserved 1114112K
  class space    used 10605K, committed 10880K, reserved 1048576K
}
Event: 52.190 GC heap before
{Heap before GC invocations=19 (full 2):
 garbage-first heap   total 524288K, used 155099K [0x0000000701800000, 0x0000000800000000)
  region size 2048K, 40 young (81920K), 3 survivors (6144K)
 Metaspace       used 75041K, committed 75648K, reserved 1122304K
  class space    used 10606K, committed 10880K, reserved 1048576K
}
Event: 52.195 GC heap after
{Heap after GC invocations=20 (full 2):
 garbage-first heap   total 524288K, used 80970K [0x0000000701800000, 0x0000000800000000)
  region size 2048K, 4 young (8192K), 4 survivors (8192K)
 Metaspace       used 75041K, committed 75648K, reserved 1122304K
  class space    used 10606K, committed 10880K, reserved 1048576K
}
Event: 54.605 GC heap before
{Heap before GC invocations=20 (full 2):
 garbage-first heap   total 524288K, used 154698K [0x0000000701800000, 0x0000000800000000)
  region size 2048K, 40 young (81920K), 4 survivors (8192K)
 Metaspace       used 75211K, committed 75776K, reserved 1122304K
  class space    used 10607K, committed 10880K, reserved 1048576K
}
Event: 54.614 GC heap after
{Heap after GC invocations=21 (full 2):
 garbage-first heap   total 524288K, used 82847K [0x0000000701800000, 0x0000000800000000)
  region size 2048K, 3 young (6144K), 3 survivors (6144K)
 Metaspace       used 75211K, committed 75776K, reserved 1122304K
  class space    used 10607K, committed 10880K, reserved 1048576K
}

